<?xml version="1.0" encoding="UTF-8"?>
<testsuite xmlns:xsi="http://www.w3.org/2001/XMLSchema-instance" xsi:noNamespaceSchemaLocation="https://maven.apache.org/surefire/maven-surefire-plugin/xsd/surefire-test-report-3.0.xsd" version="3.0" name="TestCipherModel" time="0.107" tests="13" errors="0" skipped="0" failures="0">
  <properties>
[...]
</properties>
  <testcase name="testEncryptSentencesFailed(String)[1]" classname="TestCipherModel" time="0.036"/>
  <testcase name="testEncryptListSentencesCorrect(List)[1]" classname="TestCipherModel" time="0.006"/>
  <testcase name="testEncryptSentencesThrows(String)[1]" classname="TestCipherModel" time="0.006"/>
  <testcase name="testEncryptSentencesThrows(String)[2]" classname="TestCipherModel" time="0.001"/>
  <testcase name="testEncryptSentencesThrows(String)[3]" classname="TestCipherModel" time="0.001"/>
  <testcase name="testEncryptSentencesCorrect(String)[1]" classname="TestCipherModel" time="0"/>
  <testcase name="testListNotEmpty(List)[1]" classname="TestCipherModel" time="0.001"/>
  <testcase name="testListNotEmpty(List)[2]" classname="TestCipherModel" time="0"/>
  <testcase name="testListNotEmpty(List)[3]" classname="TestCipherModel" time="0.001"/>
  <testcase name="testEncryptListSentencesFailed(List)[1]" classname="TestCipherModel" time="0.001"/>
  <testcase name="testListNotNull(List)[1]" classname="TestCipherModel" time="0.001"/>
  <testcase name="testListNotNull(List)[2]" classname="TestCipherModel" time="0"/>
  <testcase name="testListNotNull(List)[3]" classname="TestCipherModel" time="0"/>
</testsuite>